<?xml version="1.0" encoding="UTF-8"?>
<testng-results ignored="0" total="1" passed="0" failed="1" skipped="0">
  <reporter-output>
    <line>
      <![CDATA[DB connection, report configuration]]>
    </line>
    <line>
      <![CDATA[Launch the Browser]]>
    </line>
    <line>
      <![CDATA[login]]>
    </line>
    <line>
      <![CDATA[logout]]>
    </line>
    <line>
      <![CDATA[Close the browser]]>
    </line>
    <line>
      <![CDATA[Database close, report backup]]>
    </line>
  </reporter-output>
  <suite started-at="2025-06-03T14:54:18 IST" name="Default suite" finished-at="2025-06-03T14:54:42 IST" duration-ms="24016">
    <groups>
    </groups>
    <test started-at="2025-06-03T14:54:18 IST" name="Default test" finished-at="2025-06-03T14:54:42 IST" duration-ms="24016">
      <class name="contact.CreateContactWithLastName">
        <test-method is-config="true" signature="bSuite()[pri:0, instance:contact.CreateContactWithLastName@223d2c72]" started-at="2025-06-03T14:54:18 IST" name="bSuite" finished-at="2025-06-03T14:54:18 IST" duration-ms="5" status="PASS">
          <reporter-output>
            <line>
              <![CDATA[DB connection, report configuration]]>
            </line>
          </reporter-output>
        </test-method> <!-- bSuite -->
        <test-method is-config="true" signature="bClass()[pri:0, instance:contact.CreateContactWithLastName@223d2c72]" started-at="2025-06-03T14:54:18 IST" name="bClass" finished-at="2025-06-03T14:54:22 IST" duration-ms="3686" status="PASS">
          <reporter-output>
            <line>
              <![CDATA[Launch the Browser]]>
            </line>
          </reporter-output>
        </test-method> <!-- bClass -->
        <test-method is-config="true" signature="bMethod()[pri:0, instance:contact.CreateContactWithLastName@223d2c72]" started-at="2025-06-03T14:54:22 IST" name="bMethod" finished-at="2025-06-03T14:54:22 IST" duration-ms="268" status="PASS">
          <reporter-output>
            <line>
              <![CDATA[login]]>
            </line>
          </reporter-output>
        </test-method> <!-- bMethod -->
        <test-method signature="createContactWithLastName()[pri:0, instance:contact.CreateContactWithLastName@223d2c72]" started-at="2025-06-03T14:54:22 IST" name="createContactWithLastName" finished-at="2025-06-03T14:54:40 IST" duration-ms="17843" status="FAIL">
          <exception class="java.lang.AssertionError">
            <message>
              <![CDATA[expected [Bansal_4656] but found [Bansal_4656 ]]]>
            </message>
            <full-stacktrace>
              <![CDATA[java.lang.AssertionError: expected [Bansal_4656] but found [Bansal_4656 ]
at org.testng.Assert.fail(Assert.java:99)
at org.testng.Assert.failNotEquals(Assert.java:1037)
at org.testng.Assert.assertEqualsImpl(Assert.java:140)
at org.testng.Assert.assertEquals(Assert.java:122)
at org.testng.Assert.assertEquals(Assert.java:629)
at org.testng.Assert.assertEquals(Assert.java:639)
at contact.CreateContactWithLastName.createContactWithLastName(CreateContactWithLastName.java:87)
at java.base/jdk.internal.reflect.DirectMethodHandleAccessor.invoke(DirectMethodHandleAccessor.java:104)
at java.base/java.lang.reflect.Method.invoke(Method.java:578)
at org.testng.internal.MethodInvocationHelper.invokeMethod(MethodInvocationHelper.java:133)
at org.testng.internal.TestInvoker.invokeMethod(TestInvoker.java:598)
at org.testng.internal.TestInvoker.invokeTestMethod(TestInvoker.java:173)
at org.testng.internal.MethodRunner.runInSequence(MethodRunner.java:46)
at org.testng.internal.TestInvoker$MethodInvocationAgent.invoke(TestInvoker.java:824)
at org.testng.internal.TestInvoker.invokeTestMethods(TestInvoker.java:146)
at org.testng.internal.TestMethodWorker.invokeTestMethods(TestMethodWorker.java:146)
at org.testng.internal.TestMethodWorker.run(TestMethodWorker.java:128)
at java.base/java.util.ArrayList.forEach(ArrayList.java:1511)
at org.testng.TestRunner.privateRun(TestRunner.java:794)
at org.testng.TestRunner.run(TestRunner.java:596)
at org.testng.SuiteRunner.runTest(SuiteRunner.java:377)
at org.testng.SuiteRunner.runSequentially(SuiteRunner.java:371)
at org.testng.SuiteRunner.privateRun(SuiteRunner.java:332)
at org.testng.SuiteRunner.run(SuiteRunner.java:276)
at org.testng.SuiteRunnerWorker.runSuite(SuiteRunnerWorker.java:53)
at org.testng.SuiteRunnerWorker.run(SuiteRunnerWorker.java:96)
at org.testng.TestNG.runSuitesSequentially(TestNG.java:1212)
at org.testng.TestNG.runSuitesLocally(TestNG.java:1134)
at org.testng.TestNG.runSuites(TestNG.java:1063)
at org.testng.TestNG.run(TestNG.java:1031)
at org.testng.remote.AbstractRemoteTestNG.run(AbstractRemoteTestNG.java:115)
at org.testng.remote.RemoteTestNG.initAndRun(RemoteTestNG.java:293)
at org.testng.remote.RemoteTestNG.main(RemoteTestNG.java:91)
]]>
            </full-stacktrace>
          </exception> <!-- java.lang.AssertionError -->
          <reporter-output>
          </reporter-output>
        </test-method> <!-- createContactWithLastName -->
        <test-method is-config="true" signature="aMethod()[pri:0, instance:contact.CreateContactWithLastName@223d2c72]" started-at="2025-06-03T14:54:40 IST" name="aMethod" finished-at="2025-06-03T14:54:42 IST" duration-ms="1842" status="PASS">
          <reporter-output>
            <line>
              <![CDATA[logout]]>
            </line>
          </reporter-output>
        </test-method> <!-- aMethod -->
        <test-method is-config="true" signature="aClass()[pri:0, instance:contact.CreateContactWithLastName@223d2c72]" started-at="2025-06-03T14:54:42 IST" name="aClass" finished-at="2025-06-03T14:54:42 IST" duration-ms="202" status="PASS">
          <reporter-output>
            <line>
              <![CDATA[Close the browser]]>
            </line>
          </reporter-output>
        </test-method> <!-- aClass -->
        <test-method is-config="true" signature="aSuite()[pri:0, instance:contact.CreateContactWithLastName@223d2c72]" started-at="2025-06-03T14:54:42 IST" name="aSuite" finished-at="2025-06-03T14:54:42 IST" duration-ms="0" status="PASS">
          <reporter-output>
            <line>
              <![CDATA[Database close, report backup]]>
            </line>
          </reporter-output>
        </test-method> <!-- aSuite -->
      </class> <!-- contact.CreateContactWithLastName -->
    </test> <!-- Default test -->
  </suite> <!-- Default suite -->
</testng-results>
