<?xml version="1.0" encoding="UTF-8"?>
<!-- Generated by org.testng.reporters.JUnitXMLReporter -->
<testsuite ignored="2" hostname="LAPTOP-PMLHKRM6" failures="0" tests="2" name="TestRunner-Edge" time="88.739" errors="0" timestamp="2025-05-30T11:42:41 IST">
  <testcase classname="contact.CreateContactWithLastName" name="createContactWithLastName" time="27.709"/>
  <testcase classname="contact.CreateContactWithOrganisation" name="createContactWithOrganisation" time="34.491"/>
  <testcase classname="com.crm.generic.BaseClassUtility.BaseClass" name="@BeforeSuite bSuite" time="0.0">
    <ignored/>
  </testcase> <!-- @BeforeSuite bSuite -->
  <testcase classname="com.crm.generic.BaseClassUtility.BaseClass" name="@AfterSuite aSuite" time="0.0">
    <ignored/>
  </testcase> <!-- @AfterSuite aSuite -->
</testsuite> <!-- TestRunner-Edge -->
